Warning[215] /home/madelin/MPLABXProjects/examen.X/holiwis.asm 17 : Processor superseded by command line.  Verify processor symbol.
Error[105]   /home/madelin/MPLABXProjects/examen.X/holiwis.asm 18 : Cannot open file (Include File "c:\opt\microchip\mplabcomm\v3.20.01\lib\p16f877a.inc" not found)
Error[113]   /home/madelin/MPLABXProjects/examen.X/holiwis.asm 21 : Symbol not previously defined (_XT_OSC)
Error[113]   /home/madelin/MPLABXProjects/examen.X/holiwis.asm 21 : Symbol not previously defined (_WDT_OFF)
Error[113]   /home/madelin/MPLABXProjects/examen.X/holiwis.asm 21 : Symbol not previously defined (_PWRT_ON)
Error[113]   /home/madelin/MPLABXProjects/examen.X/holiwis.asm 21 : Symbol not previously defined (_BODEN_OFF)
Error[113]   /home/madelin/MPLABXProjects/examen.X/holiwis.asm 21 : Symbol not previously defined (_)
Error[113]   /home/madelin/MPLABXProjects/examen.X/holiwis.asm 21 : Symbol not previously defined (LVP_OFF)
Error[112]   /home/madelin/MPLABXProjects/examen.X/holiwis.asm 21 : Missing operator
Error[126]   /home/madelin/MPLABXProjects/examen.X/holiwis.asm 21 : Argument out of range (not a valid config register address)
Error[126]   /home/madelin/MPLABXProjects/examen.X/holiwis.asm 21 : Argument out of range (not a valid config register address)
Error[113]   /home/madelin/MPLABXProjects/examen.X/holiwis.asm 113 : Symbol not previously defined (pclath)
Error[113]   /home/madelin/MPLABXProjects/examen.X/holiwis.asm 131 : Symbol not previously defined (status)
Error[113]   /home/madelin/MPLABXProjects/examen.X/holiwis.asm 131 : Symbol not previously defined (rp0)
Error[113]   /home/madelin/MPLABXProjects/examen.X/holiwis.asm 133 : Symbol not previously defined (option_reg)
Message[302] /home/madelin/MPLABXProjects/examen.X/holiwis.asm 133 : Register in operand not in bank 0.  Ensure that bank bits are correct.
Error[113]   /home/madelin/MPLABXProjects/examen.X/holiwis.asm 135 : Symbol not previously defined (trisa)
Message[302] /home/madelin/MPLABXProjects/examen.X/holiwis.asm 135 : Register in operand not in bank 0.  Ensure that bank bits are correct.
Error[113]   /home/madelin/MPLABXProjects/examen.X/holiwis.asm 137 : Symbol not previously defined (trisb)
Message[302] /home/madelin/MPLABXProjects/examen.X/holiwis.asm 137 : Register in operand not in bank 0.  Ensure that bank bits are correct.
Error[113]   /home/madelin/MPLABXProjects/examen.X/holiwis.asm 139 : Symbol not previously defined (trisc)
Message[302] /home/madelin/MPLABXProjects/examen.X/holiwis.asm 139 : Register in operand not in bank 0.  Ensure that bank bits are correct.
Error[113]   /home/madelin/MPLABXProjects/examen.X/holiwis.asm 141 : Symbol not previously defined (trisd)
Message[302] /home/madelin/MPLABXProjects/examen.X/holiwis.asm 141 : Register in operand not in bank 0.  Ensure that bank bits are correct.
Error[113]   /home/madelin/MPLABXProjects/examen.X/holiwis.asm 143 : Symbol not previously defined (trise)
Message[302] /home/madelin/MPLABXProjects/examen.X/holiwis.asm 143 : Register in operand not in bank 0.  Ensure that bank bits are correct.
Error[113]   /home/madelin/MPLABXProjects/examen.X/holiwis.asm 145 : Symbol not previously defined (adcon1)
Message[302] /home/madelin/MPLABXProjects/examen.X/holiwis.asm 145 : Register in operand not in bank 0.  Ensure that bank bits are correct.
Error[113]   /home/madelin/MPLABXProjects/examen.X/holiwis.asm 146 : Symbol not previously defined (status)
Error[113]   /home/madelin/MPLABXProjects/examen.X/holiwis.asm 146 : Symbol not previously defined (rp0)
Error[113]   /home/madelin/MPLABXProjects/examen.X/holiwis.asm 148 : Symbol not previously defined (portb)
Error[113]   /home/madelin/MPLABXProjects/examen.X/holiwis.asm 150 : Symbol not previously defined (portc)
Error[113]   /home/madelin/MPLABXProjects/examen.X/holiwis.asm 164 : Symbol not previously defined (portb)
Error[113]   /home/madelin/MPLABXProjects/examen.X/holiwis.asm 165 : Symbol not previously defined (portc)
Error[113]   /home/madelin/MPLABXProjects/examen.X/holiwis.asm 166 : Symbol not previously defined (retardo)
Error[113]   /home/madelin/MPLABXProjects/examen.X/holiwis.asm 167 : Symbol not previously defined (portc)
Error[113]   /home/madelin/MPLABXProjects/examen.X/holiwis.asm 168 : Symbol not previously defined (retardo)
Error[113]   /home/madelin/MPLABXProjects/examen.X/holiwis.asm 171 : Symbol not previously defined (portb)
Error[113]   /home/madelin/MPLABXProjects/examen.X/holiwis.asm 172 : Symbol not previously defined (portc)
Error[113]   /home/madelin/MPLABXProjects/examen.X/holiwis.asm 173 : Symbol not previously defined (retardo)
Error[113]   /home/madelin/MPLABXProjects/examen.X/holiwis.asm 174 : Symbol not previously defined (portc)
Error[113]   /home/madelin/MPLABXProjects/examen.X/holiwis.asm 175 : Symbol not previously defined (retardo)
Error[113]   /home/madelin/MPLABXProjects/examen.X/holiwis.asm 178 : Symbol not previously defined (portb)
Error[113]   /home/madelin/MPLABXProjects/examen.X/holiwis.asm 179 : Symbol not previously defined (portc)
Error[113]   /home/madelin/MPLABXProjects/examen.X/holiwis.asm 180 : Symbol not previously defined (retardo)
Error[113]   /home/madelin/MPLABXProjects/examen.X/holiwis.asm 181 : Symbol not previously defined (portc)
Error[113]   /home/madelin/MPLABXProjects/examen.X/holiwis.asm 182 : Symbol not previously defined (retardo)
Error[113]   /home/madelin/MPLABXProjects/examen.X/holiwis.asm 185 : Symbol not previously defined (portb)
Error[113]   /home/madelin/MPLABXProjects/examen.X/holiwis.asm 186 : Symbol not previously defined (portc)
Error[113]   /home/madelin/MPLABXProjects/examen.X/holiwis.asm 187 : Symbol not previously defined (retardo)
Error[113]   /home/madelin/MPLABXProjects/examen.X/holiwis.asm 188 : Symbol not previously defined (portc)
Error[113]   /home/madelin/MPLABXProjects/examen.X/holiwis.asm 189 : Symbol not previously defined (retardo)
Error[113]   /home/madelin/MPLABXProjects/examen.X/holiwis.asm 190 : Symbol not previously defined (Contador)
Error[113]   /home/madelin/MPLABXProjects/examen.X/holiwis.asm 196 : Symbol not previously defined (portb)
Error[113]   /home/madelin/MPLABXProjects/examen.X/holiwis.asm 197 : Symbol not previously defined (portc)
Error[113]   /home/madelin/MPLABXProjects/examen.X/holiwis.asm 198 : Symbol not previously defined (retardo)
Error[113]   /home/madelin/MPLABXProjects/examen.X/holiwis.asm 199 : Symbol not previously defined (portc)
Error[113]   /home/madelin/MPLABXProjects/examen.X/holiwis.asm 200 : Symbol not previously defined (retardo)
Error[113]   /home/madelin/MPLABXProjects/examen.X/holiwis.asm 203 : Symbol not previously defined (portb)
Error[113]   /home/madelin/MPLABXProjects/examen.X/holiwis.asm 204 : Symbol not previously defined (portc)
Error[113]   /home/madelin/MPLABXProjects/examen.X/holiwis.asm 205 : Symbol not previously defined (retardo)
Error[113]   /home/madelin/MPLABXProjects/examen.X/holiwis.asm 206 : Symbol not previously defined (portc)
Error[113]   /home/madelin/MPLABXProjects/examen.X/holiwis.asm 207 : Symbol not previously defined (retardo)
Error[113]   /home/madelin/MPLABXProjects/examen.X/holiwis.asm 210 : Symbol not previously defined (portb)
Error[113]   /home/madelin/MPLABXProjects/examen.X/holiwis.asm 211 : Symbol not previously defined (portc)
Error[113]   /home/madelin/MPLABXProjects/examen.X/holiwis.asm 212 : Symbol not previously defined (retardo)
Error[113]   /home/madelin/MPLABXProjects/examen.X/holiwis.asm 213 : Symbol not previously defined (portc)
Error[113]   /home/madelin/MPLABXProjects/examen.X/holiwis.asm 214 : Symbol not previously defined (retardo)
Error[113]   /home/madelin/MPLABXProjects/examen.X/holiwis.asm 217 : Symbol not previously defined (portb)
Error[113]   /home/madelin/MPLABXProjects/examen.X/holiwis.asm 218 : Symbol not previously defined (portc)
Error[113]   /home/madelin/MPLABXProjects/examen.X/holiwis.asm 219 : Symbol not previously defined (retardo)
Error[113]   /home/madelin/MPLABXProjects/examen.X/holiwis.asm 220 : Symbol not previously defined (portc)
Error[113]   /home/madelin/MPLABXProjects/examen.X/holiwis.asm 221 : Symbol not previously defined (retardo)
Error[113]   /home/madelin/MPLABXProjects/examen.X/holiwis.asm 222 : Symbol not previously defined (Contador)
Error[113]   /home/madelin/MPLABXProjects/examen.X/holiwis.asm 228 : Symbol not previously defined (portb)
Error[113]   /home/madelin/MPLABXProjects/examen.X/holiwis.asm 229 : Symbol not previously defined (portc)
Error[113]   /home/madelin/MPLABXProjects/examen.X/holiwis.asm 230 : Symbol not previously defined (retardo)
Error[113]   /home/madelin/MPLABXProjects/examen.X/holiwis.asm 231 : Symbol not previously defined (portc)
Error[113]   /home/madelin/MPLABXProjects/examen.X/holiwis.asm 232 : Symbol not previously defined (retardo)
Error[113]   /home/madelin/MPLABXProjects/examen.X/holiwis.asm 235 : Symbol not previously defined (portb)
Error[113]   /home/madelin/MPLABXProjects/examen.X/holiwis.asm 236 : Symbol not previously defined (portc)
Error[113]   /home/madelin/MPLABXProjects/examen.X/holiwis.asm 237 : Symbol not previously defined (retardo)
Error[113]   /home/madelin/MPLABXProjects/examen.X/holiwis.asm 238 : Symbol not previously defined (portc)
Error[113]   /home/madelin/MPLABXProjects/examen.X/holiwis.asm 239 : Symbol not previously defined (retardo)
Error[113]   /home/madelin/MPLABXProjects/examen.X/holiwis.asm 242 : Symbol not previously defined (portb)
Error[113]   /home/madelin/MPLABXProjects/examen.X/holiwis.asm 243 : Symbol not previously defined (portc)
Error[113]   /home/madelin/MPLABXProjects/examen.X/holiwis.asm 244 : Symbol not previously defined (retardo)
Error[113]   /home/madelin/MPLABXProjects/examen.X/holiwis.asm 245 : Symbol not previously defined (portc)
Error[113]   /home/madelin/MPLABXProjects/examen.X/holiwis.asm 246 : Symbol not previously defined (retardo)
Error[113]   /home/madelin/MPLABXProjects/examen.X/holiwis.asm 249 : Symbol not previously defined (portb)
Error[113]   /home/madelin/MPLABXProjects/examen.X/holiwis.asm 250 : Symbol not previously defined (portc)
Error[113]   /home/madelin/MPLABXProjects/examen.X/holiwis.asm 251 : Symbol not previously defined (retardo)
Error[113]   /home/madelin/MPLABXProjects/examen.X/holiwis.asm 252 : Symbol not previously defined (portc)
Error[113]   /home/madelin/MPLABXProjects/examen.X/holiwis.asm 253 : Symbol not previously defined (retardo)
Error[113]   /home/madelin/MPLABXProjects/examen.X/holiwis.asm 254 : Symbol not previously defined (Contador)
Error[113]   /home/madelin/MPLABXProjects/examen.X/holiwis.asm 260 : Symbol not previously defined (portb)
Error[113]   /home/madelin/MPLABXProjects/examen.X/holiwis.asm 261 : Symbol not previously defined (portc)
Error[113]   /home/madelin/MPLABXProjects/examen.X/holiwis.asm 262 : Symbol not previously defined (retardo)
Error[113]   /home/madelin/MPLABXProjects/examen.X/holiwis.asm 263 : Symbol not previously defined (portc)
Error[113]   /home/madelin/MPLABXProjects/examen.X/holiwis.asm 264 : Symbol not previously defined (retardo)
Error[113]   /home/madelin/MPLABXProjects/examen.X/holiwis.asm 267 : Symbol not previously defined (portb)
Error[113]   /home/madelin/MPLABXProjects/examen.X/holiwis.asm 268 : Symbol not previously defined (portc)
Error[113]   /home/madelin/MPLABXProjects/examen.X/holiwis.asm 269 : Symbol not previously defined (retardo)
Error[113]   /home/madelin/MPLABXProjects/examen.X/holiwis.asm 270 : Symbol not previously defined (portc)
Error[113]   /home/madelin/MPLABXProjects/examen.X/holiwis.asm 271 : Symbol not previously defined (retardo)
Error[113]   /home/madelin/MPLABXProjects/examen.X/holiwis.asm 274 : Symbol not previously defined (portb)
Error[113]   /home/madelin/MPLABXProjects/examen.X/holiwis.asm 275 : Symbol not previously defined (portc)
Error[113]   /home/madelin/MPLABXProjects/examen.X/holiwis.asm 276 : Symbol not previously defined (retardo)
Error[113]   /home/madelin/MPLABXProjects/examen.X/holiwis.asm 277 : Symbol not previously defined (portc)
Error[113]   /home/madelin/MPLABXProjects/examen.X/holiwis.asm 278 : Symbol not previously defined (retardo)
Error[113]   /home/madelin/MPLABXProjects/examen.X/holiwis.asm 281 : Symbol not previously defined (portb)
Error[113]   /home/madelin/MPLABXProjects/examen.X/holiwis.asm 282 : Symbol not previously defined (portc)
Error[113]   /home/madelin/MPLABXProjects/examen.X/holiwis.asm 283 : Symbol not previously defined (retardo)
Error[113]   /home/madelin/MPLABXProjects/examen.X/holiwis.asm 284 : Symbol not previously defined (portc)
Error[113]   /home/madelin/MPLABXProjects/examen.X/holiwis.asm 285 : Symbol not previously defined (retardo)
Error[113]   /home/madelin/MPLABXProjects/examen.X/holiwis.asm 286 : Symbol not previously defined (Contador)
Error[113]   /home/madelin/MPLABXProjects/examen.X/holiwis.asm 292 : Symbol not previously defined (portb)
Error[113]   /home/madelin/MPLABXProjects/examen.X/holiwis.asm 293 : Symbol not previously defined (portc)
Error[113]   /home/madelin/MPLABXProjects/examen.X/holiwis.asm 294 : Symbol not previously defined (retardo)
Error[113]   /home/madelin/MPLABXProjects/examen.X/holiwis.asm 295 : Symbol not previously defined (portc)
Error[113]   /home/madelin/MPLABXProjects/examen.X/holiwis.asm 296 : Symbol not previously defined (retardo)
Error[113]   /home/madelin/MPLABXProjects/examen.X/holiwis.asm 299 : Symbol not previously defined (portb)
Error[113]   /home/madelin/MPLABXProjects/examen.X/holiwis.asm 300 : Symbol not previously defined (portc)
Error[113]   /home/madelin/MPLABXProjects/examen.X/holiwis.asm 301 : Symbol not previously defined (retardo)
Error[113]   /home/madelin/MPLABXProjects/examen.X/holiwis.asm 302 : Symbol not previously defined (portc)
Error[113]   /home/madelin/MPLABXProjects/examen.X/holiwis.asm 303 : Symbol not previously defined (retardo)
Error[113]   /home/madelin/MPLABXProjects/examen.X/holiwis.asm 306 : Symbol not previously defined (portb)
Error[113]   /home/madelin/MPLABXProjects/examen.X/holiwis.asm 307 : Symbol not previously defined (portc)
Error[113]   /home/madelin/MPLABXProjects/examen.X/holiwis.asm 308 : Symbol not previously defined (retardo)
Error[113]   /home/madelin/MPLABXProjects/examen.X/holiwis.asm 309 : Symbol not previously defined (portc)
Error[113]   /home/madelin/MPLABXProjects/examen.X/holiwis.asm 310 : Symbol not previously defined (retardo)
Error[113]   /home/madelin/MPLABXProjects/examen.X/holiwis.asm 313 : Symbol not previously defined (portb)
Error[113]   /home/madelin/MPLABXProjects/examen.X/holiwis.asm 314 : Symbol not previously defined (portc)
Error[113]   /home/madelin/MPLABXProjects/examen.X/holiwis.asm 315 : Symbol not previously defined (retardo)
Error[113]   /home/madelin/MPLABXProjects/examen.X/holiwis.asm 316 : Symbol not previously defined (portc)
Error[113]   /home/madelin/MPLABXProjects/examen.X/holiwis.asm 317 : Symbol not previously defined (retardo)
Error[113]   /home/madelin/MPLABXProjects/examen.X/holiwis.asm 318 : Symbol not previously defined (Contador)
Error[113]   /home/madelin/MPLABXProjects/examen.X/holiwis.asm 324 : Symbol not previously defined (portb)
Error[113]   /home/madelin/MPLABXProjects/examen.X/holiwis.asm 325 : Symbol not previously defined (portc)
Error[113]   /home/madelin/MPLABXProjects/examen.X/holiwis.asm 326 : Symbol not previously defined (retardo)
Error[113]   /home/madelin/MPLABXProjects/examen.X/holiwis.asm 327 : Symbol not previously defined (portc)
Error[113]   /home/madelin/MPLABXProjects/examen.X/holiwis.asm 328 : Symbol not previously defined (retardo)
Error[113]   /home/madelin/MPLABXProjects/examen.X/holiwis.asm 331 : Symbol not previously defined (portb)
Error[113]   /home/madelin/MPLABXProjects/examen.X/holiwis.asm 332 : Symbol not previously defined (portc)
Error[113]   /home/madelin/MPLABXProjects/examen.X/holiwis.asm 333 : Symbol not previously defined (retardo)
Error[113]   /home/madelin/MPLABXProjects/examen.X/holiwis.asm 334 : Symbol not previously defined (portc)
Error[113]   /home/madelin/MPLABXProjects/examen.X/holiwis.asm 335 : Symbol not previously defined (retardo)
Error[113]   /home/madelin/MPLABXProjects/examen.X/holiwis.asm 338 : Symbol not previously defined (portb)
Error[113]   /home/madelin/MPLABXProjects/examen.X/holiwis.asm 339 : Symbol not previously defined (portc)
Error[113]   /home/madelin/MPLABXProjects/examen.X/holiwis.asm 340 : Symbol not previously defined (retardo)
Error[113]   /home/madelin/MPLABXProjects/examen.X/holiwis.asm 341 : Symbol not previously defined (portc)
Error[113]   /home/madelin/MPLABXProjects/examen.X/holiwis.asm 342 : Symbol not previously defined (retardo)
Error[113]   /home/madelin/MPLABXProjects/examen.X/holiwis.asm 345 : Symbol not previously defined (portb)
Error[113]   /home/madelin/MPLABXProjects/examen.X/holiwis.asm 346 : Symbol not previously defined (portc)
Error[113]   /home/madelin/MPLABXProjects/examen.X/holiwis.asm 347 : Symbol not previously defined (retardo)
Error[113]   /home/madelin/MPLABXProjects/examen.X/holiwis.asm 348 : Symbol not previously defined (portc)
Error[113]   /home/madelin/MPLABXProjects/examen.X/holiwis.asm 349 : Symbol not previously defined (retardo)
Error[113]   /home/madelin/MPLABXProjects/examen.X/holiwis.asm 350 : Symbol not previously defined (Contador)
Error[113]   /home/madelin/MPLABXProjects/examen.X/holiwis.asm 356 : Symbol not previously defined (portb)
Error[113]   /home/madelin/MPLABXProjects/examen.X/holiwis.asm 357 : Symbol not previously defined (portc)
Error[113]   /home/madelin/MPLABXProjects/examen.X/holiwis.asm 358 : Symbol not previously defined (retardo)
Error[113]   /home/madelin/MPLABXProjects/examen.X/holiwis.asm 359 : Symbol not previously defined (portc)
Error[113]   /home/madelin/MPLABXProjects/examen.X/holiwis.asm 360 : Symbol not previously defined (retardo)
Error[113]   /home/madelin/MPLABXProjects/examen.X/holiwis.asm 363 : Symbol not previously defined (portb)
Error[113]   /home/madelin/MPLABXProjects/examen.X/holiwis.asm 364 : Symbol not previously defined (portc)
Error[113]   /home/madelin/MPLABXProjects/examen.X/holiwis.asm 365 : Symbol not previously defined (retardo)
Error[113]   /home/madelin/MPLABXProjects/examen.X/holiwis.asm 366 : Symbol not previously defined (portc)
Error[113]   /home/madelin/MPLABXProjects/examen.X/holiwis.asm 367 : Symbol not previously defined (retardo)
Error[113]   /home/madelin/MPLABXProjects/examen.X/holiwis.asm 370 : Symbol not previously defined (portb)
Error[113]   /home/madelin/MPLABXProjects/examen.X/holiwis.asm 371 : Symbol not previously defined (portc)
Error[113]   /home/madelin/MPLABXProjects/examen.X/holiwis.asm 372 : Symbol not previously defined (retardo)
Error[113]   /home/madelin/MPLABXProjects/examen.X/holiwis.asm 373 : Symbol not previously defined (portc)
Error[113]   /home/madelin/MPLABXProjects/examen.X/holiwis.asm 374 : Symbol not previously defined (retardo)
Error[113]   /home/madelin/MPLABXProjects/examen.X/holiwis.asm 377 : Symbol not previously defined (portb)
Error[113]   /home/madelin/MPLABXProjects/examen.X/holiwis.asm 378 : Symbol not previously defined (portc)
Error[113]   /home/madelin/MPLABXProjects/examen.X/holiwis.asm 379 : Symbol not previously defined (retardo)
Error[113]   /home/madelin/MPLABXProjects/examen.X/holiwis.asm 380 : Symbol not previously defined (portc)
Error[113]   /home/madelin/MPLABXProjects/examen.X/holiwis.asm 381 : Symbol not previously defined (retardo)
Error[113]   /home/madelin/MPLABXProjects/examen.X/holiwis.asm 388 : Symbol not previously defined (portb)
Error[113]   /home/madelin/MPLABXProjects/examen.X/holiwis.asm 389 : Symbol not previously defined (portc)
Error[113]   /home/madelin/MPLABXProjects/examen.X/holiwis.asm 390 : Symbol not previously defined (retardo)
Error[113]   /home/madelin/MPLABXProjects/examen.X/holiwis.asm 391 : Symbol not previously defined (portc)
Error[113]   /home/madelin/MPLABXProjects/examen.X/holiwis.asm 392 : Symbol not previously defined (retardo)
Error[113]   /home/madelin/MPLABXProjects/examen.X/holiwis.asm 395 : Symbol not previously defined (portb)
Error[113]   /home/madelin/MPLABXProjects/examen.X/holiwis.asm 396 : Symbol not previously defined (portc)
Error[113]   /home/madelin/MPLABXProjects/examen.X/holiwis.asm 397 : Symbol not previously defined (retardo)
Error[113]   /home/madelin/MPLABXProjects/examen.X/holiwis.asm 398 : Symbol not previously defined (portc)
Error[113]   /home/madelin/MPLABXProjects/examen.X/holiwis.asm 399 : Symbol not previously defined (retardo)
Error[113]   /home/madelin/MPLABXProjects/examen.X/holiwis.asm 402 : Symbol not previously defined (portb)
Error[113]   /home/madelin/MPLABXProjects/examen.X/holiwis.asm 403 : Symbol not previously defined (portc)
Error[113]   /home/madelin/MPLABXProjects/examen.X/holiwis.asm 404 : Symbol not previously defined (retardo)
Error[113]   /home/madelin/MPLABXProjects/examen.X/holiwis.asm 405 : Symbol not previously defined (portc)
Error[113]   /home/madelin/MPLABXProjects/examen.X/holiwis.asm 406 : Symbol not previously defined (retardo)
Error[113]   /home/madelin/MPLABXProjects/examen.X/holiwis.asm 409 : Symbol not previously defined (portb)
Error[113]   /home/madelin/MPLABXProjects/examen.X/holiwis.asm 410 : Symbol not previously defined (portc)
Error[113]   /home/madelin/MPLABXProjects/examen.X/holiwis.asm 411 : Symbol not previously defined (retardo)
Error[113]   /home/madelin/MPLABXProjects/examen.X/holiwis.asm 412 : Symbol not previously defined (portc)
Error[113]   /home/madelin/MPLABXProjects/examen.X/holiwis.asm 413 : Symbol not previously defined (retardo)
Error[113]   /home/madelin/MPLABXProjects/examen.X/holiwis.asm 414 : Symbol not previously defined (Contador)
Error[113]   /home/madelin/MPLABXProjects/examen.X/holiwis.asm 420 : Symbol not previously defined (portb)
Error[113]   /home/madelin/MPLABXProjects/examen.X/holiwis.asm 421 : Symbol not previously defined (portc)
Error[113]   /home/madelin/MPLABXProjects/examen.X/holiwis.asm 422 : Symbol not previously defined (retardo)
Error[113]   /home/madelin/MPLABXProjects/examen.X/holiwis.asm 423 : Symbol not previously defined (portc)
Error[113]   /home/madelin/MPLABXProjects/examen.X/holiwis.asm 424 : Symbol not previously defined (retardo)
Error[113]   /home/madelin/MPLABXProjects/examen.X/holiwis.asm 427 : Symbol not previously defined (portb)
Error[113]   /home/madelin/MPLABXProjects/examen.X/holiwis.asm 428 : Symbol not previously defined (portc)
Error[113]   /home/madelin/MPLABXProjects/examen.X/holiwis.asm 429 : Symbol not previously defined (retardo)
Error[113]   /home/madelin/MPLABXProjects/examen.X/holiwis.asm 430 : Symbol not previously defined (portc)
Error[113]   /home/madelin/MPLABXProjects/examen.X/holiwis.asm 431 : Symbol not previously defined (retardo)
Error[113]   /home/madelin/MPLABXProjects/examen.X/holiwis.asm 434 : Symbol not previously defined (portb)
Error[113]   /home/madelin/MPLABXProjects/examen.X/holiwis.asm 435 : Symbol not previously defined (portc)
Error[113]   /home/madelin/MPLABXProjects/examen.X/holiwis.asm 436 : Symbol not previously defined (retardo)
Error[113]   /home/madelin/MPLABXProjects/examen.X/holiwis.asm 437 : Symbol not previously defined (portc)
Error[113]   /home/madelin/MPLABXProjects/examen.X/holiwis.asm 438 : Symbol not previously defined (retardo)
Error[113]   /home/madelin/MPLABXProjects/examen.X/holiwis.asm 441 : Symbol not previously defined (portb)
Error[113]   /home/madelin/MPLABXProjects/examen.X/holiwis.asm 442 : Symbol not previously defined (portc)
Error[113]   /home/madelin/MPLABXProjects/examen.X/holiwis.asm 443 : Symbol not previously defined (retardo)
Error[113]   /home/madelin/MPLABXProjects/examen.X/holiwis.asm 444 : Symbol not previously defined (portc)
Error[113]   /home/madelin/MPLABXProjects/examen.X/holiwis.asm 445 : Symbol not previously defined (retardo)
Error[113]   /home/madelin/MPLABXProjects/examen.X/holiwis.asm 446 : Symbol not previously defined (Contador)
Error[113]   /home/madelin/MPLABXProjects/examen.X/holiwis.asm 452 : Symbol not previously defined (portb)
Error[113]   /home/madelin/MPLABXProjects/examen.X/holiwis.asm 453 : Symbol not previously defined (portc)
Error[113]   /home/madelin/MPLABXProjects/examen.X/holiwis.asm 454 : Symbol not previously defined (retardo)
Error[113]   /home/madelin/MPLABXProjects/examen.X/holiwis.asm 455 : Symbol not previously defined (portc)
Error[113]   /home/madelin/MPLABXProjects/examen.X/holiwis.asm 456 : Symbol not previously defined (retardo)
Error[113]   /home/madelin/MPLABXProjects/examen.X/holiwis.asm 459 : Symbol not previously defined (portb)
Error[113]   /home/madelin/MPLABXProjects/examen.X/holiwis.asm 460 : Symbol not previously defined (portc)
Error[113]   /home/madelin/MPLABXProjects/examen.X/holiwis.asm 461 : Symbol not previously defined (retardo)
Error[113]   /home/madelin/MPLABXProjects/examen.X/holiwis.asm 462 : Symbol not previously defined (portc)
Error[113]   /home/madelin/MPLABXProjects/examen.X/holiwis.asm 463 : Symbol not previously defined (retardo)
Error[113]   /home/madelin/MPLABXProjects/examen.X/holiwis.asm 466 : Symbol not previously defined (portb)
Error[113]   /home/madelin/MPLABXProjects/examen.X/holiwis.asm 467 : Symbol not previously defined (portc)
Error[113]   /home/madelin/MPLABXProjects/examen.X/holiwis.asm 468 : Symbol not previously defined (retardo)
Error[113]   /home/madelin/MPLABXProjects/examen.X/holiwis.asm 469 : Symbol not previously defined (portc)
Error[113]   /home/madelin/MPLABXProjects/examen.X/holiwis.asm 470 : Symbol not previously defined (retardo)
Error[113]   /home/madelin/MPLABXProjects/examen.X/holiwis.asm 473 : Symbol not previously defined (portb)
Error[113]   /home/madelin/MPLABXProjects/examen.X/holiwis.asm 474 : Symbol not previously defined (portc)
Error[113]   /home/madelin/MPLABXProjects/examen.X/holiwis.asm 475 : Symbol not previously defined (retardo)
Error[113]   /home/madelin/MPLABXProjects/examen.X/holiwis.asm 476 : Symbol not previously defined (portc)
Error[113]   /home/madelin/MPLABXProjects/examen.X/holiwis.asm 477 : Symbol not previously defined (retardo)
Error[113]   /home/madelin/MPLABXProjects/examen.X/holiwis.asm 484 : Symbol not previously defined (portb)
Error[113]   /home/madelin/MPLABXProjects/examen.X/holiwis.asm 485 : Symbol not previously defined (portc)
Error[113]   /home/madelin/MPLABXProjects/examen.X/holiwis.asm 486 : Symbol not previously defined (retardo)
Error[113]   /home/madelin/MPLABXProjects/examen.X/holiwis.asm 487 : Symbol not previously defined (portc)
Error[113]   /home/madelin/MPLABXProjects/examen.X/holiwis.asm 488 : Symbol not previously defined (retardo)
Error[113]   /home/madelin/MPLABXProjects/examen.X/holiwis.asm 491 : Symbol not previously defined (portb)
Error[113]   /home/madelin/MPLABXProjects/examen.X/holiwis.asm 492 : Symbol not previously defined (portc)
Error[113]   /home/madelin/MPLABXProjects/examen.X/holiwis.asm 493 : Symbol not previously defined (retardo)
Error[113]   /home/madelin/MPLABXProjects/examen.X/holiwis.asm 494 : Symbol not previously defined (portc)
Error[113]   /home/madelin/MPLABXProjects/examen.X/holiwis.asm 495 : Symbol not previously defined (retardo)
Error[113]   /home/madelin/MPLABXProjects/examen.X/holiwis.asm 498 : Symbol not previously defined (portb)
Error[113]   /home/madelin/MPLABXProjects/examen.X/holiwis.asm 499 : Symbol not previously defined (portc)
Error[113]   /home/madelin/MPLABXProjects/examen.X/holiwis.asm 500 : Symbol not previously defined (retardo)
Error[113]   /home/madelin/MPLABXProjects/examen.X/holiwis.asm 501 : Symbol not previously defined (portc)
Error[113]   /home/madelin/MPLABXProjects/examen.X/holiwis.asm 502 : Symbol not previously defined (retardo)
Error[113]   /home/madelin/MPLABXProjects/examen.X/holiwis.asm 505 : Symbol not previously defined (portb)
Error[113]   /home/madelin/MPLABXProjects/examen.X/holiwis.asm 506 : Symbol not previously defined (portc)
Error[113]   /home/madelin/MPLABXProjects/examen.X/holiwis.asm 507 : Symbol not previously defined (retardo)
Error[113]   /home/madelin/MPLABXProjects/examen.X/holiwis.asm 508 : Symbol not previously defined (portc)
Error[113]   /home/madelin/MPLABXProjects/examen.X/holiwis.asm 509 : Symbol not previously defined (Contador)
Error[113]   /home/madelin/MPLABXProjects/examen.X/holiwis.asm 515 : Symbol not previously defined (portb)
Error[113]   /home/madelin/MPLABXProjects/examen.X/holiwis.asm 516 : Symbol not previously defined (portc)
Error[113]   /home/madelin/MPLABXProjects/examen.X/holiwis.asm 517 : Symbol not previously defined (retardo)
Error[113]   /home/madelin/MPLABXProjects/examen.X/holiwis.asm 518 : Symbol not previously defined (portc)
Error[113]   /home/madelin/MPLABXProjects/examen.X/holiwis.asm 519 : Symbol not previously defined (retardo)
Error[113]   /home/madelin/MPLABXProjects/examen.X/holiwis.asm 522 : Symbol not previously defined (portb)
Error[113]   /home/madelin/MPLABXProjects/examen.X/holiwis.asm 523 : Symbol not previously defined (portc)
Error[113]   /home/madelin/MPLABXProjects/examen.X/holiwis.asm 524 : Symbol not previously defined (retardo)
Error[113]   /home/madelin/MPLABXProjects/examen.X/holiwis.asm 525 : Symbol not previously defined (portc)
Error[113]   /home/madelin/MPLABXProjects/examen.X/holiwis.asm 526 : Symbol not previously defined (retardo)
Error[113]   /home/madelin/MPLABXProjects/examen.X/holiwis.asm 529 : Symbol not previously defined (portb)
Error[113]   /home/madelin/MPLABXProjects/examen.X/holiwis.asm 530 : Symbol not previously defined (portc)
Error[113]   /home/madelin/MPLABXProjects/examen.X/holiwis.asm 531 : Symbol not previously defined (retardo)
Error[113]   /home/madelin/MPLABXProjects/examen.X/holiwis.asm 532 : Symbol not previously defined (portc)
Error[113]   /home/madelin/MPLABXProjects/examen.X/holiwis.asm 533 : Symbol not previously defined (retardo)
Error[113]   /home/madelin/MPLABXProjects/examen.X/holiwis.asm 536 : Symbol not previously defined (portb)
Error[113]   /home/madelin/MPLABXProjects/examen.X/holiwis.asm 537 : Symbol not previously defined (portc)
Error[113]   /home/madelin/MPLABXProjects/examen.X/holiwis.asm 538 : Symbol not previously defined (retardo)
Error[113]   /home/madelin/MPLABXProjects/examen.X/holiwis.asm 539 : Symbol not previously defined (portc)
Error[113]   /home/madelin/MPLABXProjects/examen.X/holiwis.asm 540 : Symbol not previously defined (retardo)
Error[113]   /home/madelin/MPLABXProjects/examen.X/holiwis.asm 541 : Symbol not previously defined (Contador)
Error[113]   /home/madelin/MPLABXProjects/examen.X/holiwis.asm 547 : Symbol not previously defined (portb)
Error[113]   /home/madelin/MPLABXProjects/examen.X/holiwis.asm 548 : Symbol not previously defined (portc)
Error[113]   /home/madelin/MPLABXProjects/examen.X/holiwis.asm 549 : Symbol not previously defined (retardo)
Error[113]   /home/madelin/MPLABXProjects/examen.X/holiwis.asm 550 : Symbol not previously defined (portc)
Error[113]   /home/madelin/MPLABXProjects/examen.X/holiwis.asm 551 : Symbol not previously defined (retardo)
Error[113]   /home/madelin/MPLABXProjects/examen.X/holiwis.asm 554 : Symbol not previously defined (portb)
Error[113]   /home/madelin/MPLABXProjects/examen.X/holiwis.asm 555 : Symbol not previously defined (portc)
Error[113]   /home/madelin/MPLABXProjects/examen.X/holiwis.asm 556 : Symbol not previously defined (retardo)
Error[113]   /home/madelin/MPLABXProjects/examen.X/holiwis.asm 557 : Symbol not previously defined (portc)
Error[113]   /home/madelin/MPLABXProjects/examen.X/holiwis.asm 558 : Symbol not previously defined (retardo)
Error[113]   /home/madelin/MPLABXProjects/examen.X/holiwis.asm 561 : Symbol not previously defined (portb)
Error[113]   /home/madelin/MPLABXProjects/examen.X/holiwis.asm 562 : Symbol not previously defined (portc)
Error[113]   /home/madelin/MPLABXProjects/examen.X/holiwis.asm 563 : Symbol not previously defined (retardo)
Error[113]   /home/madelin/MPLABXProjects/examen.X/holiwis.asm 564 : Symbol not previously defined (portc)
Error[113]   /home/madelin/MPLABXProjects/examen.X/holiwis.asm 565 : Symbol not previously defined (retardo)
Error[113]   /home/madelin/MPLABXProjects/examen.X/holiwis.asm 568 : Symbol not previously defined (portb)
Error[113]   /home/madelin/MPLABXProjects/examen.X/holiwis.asm 569 : Symbol not previously defined (portc)
Error[113]   /home/madelin/MPLABXProjects/examen.X/holiwis.asm 570 : Symbol not previously defined (retardo)
Error[113]   /home/madelin/MPLABXProjects/examen.X/holiwis.asm 571 : Symbol not previously defined (portc)
Error[113]   /home/madelin/MPLABXProjects/examen.X/holiwis.asm 572 : Symbol not previously defined (retardo)
Error[129]   /home/madelin/MPLABXProjects/examen.X/holiwis.asm 578 : Expected (END)
