MPASM  5.51                       BUENO-2.ASM   11-20-2016  13:13:54         PAGE  1


LOC  OBJECT CODE     LINE SOURCE TEXT
  VALUE

                      00001 ;INSTITUTO POLITECNICO NACIONAL
                      00002 ;CECYT9 JUAN DE DIOS BATIZ
                      00003 ;
                      00004 ;PRACTICA 5:"Entrada de Datos al Sistema (I.Operaciones Aritmeticas)" 
                      00005 ;
                      00006 ;GRUPO: 5IM2.   EQUIPO 09
                      00007 ;
                      00008 ;GARCIA RODRIGUEZ LUIS DANIEL
                      00009 ;
                      00010 ;ESTE PROGRAMA REALIZA SUMAS Y RESTAS BINARIAS Y LAS PRESENTA EN UN DYSPLAY DE 7
                      00011 ;SEGMENTOS DE FORMA HEXADECIMAL
                      00012 ;-------------------------------------------------------------------------------------------------------
                            ----------------------------------------------------------------------------
                      00013         list p=16f877A;
                      00014 ; BITS DE CONFIGURACION
                      00015  ;#include "C:\Archivos de programa (x86)\Microchip\MPASM Suite\P16F877A.INC"
                      00016  #include "C:\Program Files (x86)\Microchip\MPASM Suite\P16F877A.inc";
                      00001         LIST
                      00002 
                      00003 ;==========================================================================
                      00004 ;  MPASM PIC16F877A processor include
                      00005 ; 
                      00006 ;  (c) Copyright 1999-2013 Microchip Technology, All rights reserved
                      00007 ;==========================================================================
                      00008 
                      00566         LIST
                      00017 ; BITS DE CONFIGURACION
2007   3F31           00018         __config _XT_OSC & _WDT_OFF & _PWRTE_ON & _BODEN_OFF & _LVP_OFF & _CP_OFF;
                      00019 ;-------------------------------------------------------------------------------------------------------
                            --------------------------------------------
                      00020 ;
                      00021 ;frecuencia de oscilación (fosc) =4MHz
                      00022 ;Ciclo de trabajo del PIC = (1/fosc)*4 = 1us
                      00023 ;
                      00024 ;VARIABLES
  00000020            00025 x0              equ   0x20
  00000021            00026 y0          equ   0x21
  00000022            00027 r0              equ       0x22
  00000023            00028 r1              equ       0x23
  00000024            00029 respaldo    equ   0x24
  00000025            00030 Contador1   equ   0x25
  00000026            00031 Contador2   equ   0x26
  00000027            00032 Contador3   equ   0x27
  00000028            00033 resultado   equ   0x28
  00000029            00034 subst       equ   0x29
  00000030            00035 resp_num    equ   0x30
  00000031            00036 resp_num1   equ   0x31
  00000032            00037 resp_num2   equ   0x32
                      00038 
                      00039 
                      00040 ; LAS VARIABLES DE USUARIO COMIENZAN DESDE LA DIRECCION 20
                      00041 ;-------------------------------------------------------------------------------------------------------
                            --------------------------------------------
MPASM  5.51                       BUENO-2.ASM   11-20-2016  13:13:54         PAGE  2


LOC  OBJECT CODE     LINE SOURCE TEXT
  VALUE

                      00042 ;
                      00043 ;CONSTANTES
  00000040            00044 M    equ    .64;
  00000040            00045 N    equ    .64;
  00000080            00046 L    equ    .128;
                      00047 ;-------------------------------------------------------------------------------------------------------
                            --------------------------------------------
                      00048 ; CONSTANTES DE CARACTERES EN SIETE SEGMENTOS
  00000077            00049 Car_A       equ   b'01110111'; Caracter A en siete segmentos
  0000007C            00050 Car_b       equ   b'01111100'; Caracter b en siete segmentos
  00000039            00051 Car_C       equ   b'00111001'; Caracter C en siete segmentos
  00000058            00052 Car_cc      equ   b'01011000'; Caracter c en siete segmentos
  0000005E            00053 Car_d       equ   b'01011110'; Caracter d en siete segmentos
  00000079            00054 Car_E       equ   b'01111001'; Caracter E en siete segmentos
  00000071            00055 Car_F       equ   b'01110001'; Caracter F en siete segmentos
  0000007D            00056 Car_G       equ   b'01111101'; Caracter G en siete segmentos
  0000006F            00057 Car_gg      equ   b'01101111'; Caracter g en siete segmentos
  00000076            00058 Car_H       equ   b'01110110'; Caracter H en siete segmentos
  00000074            00059 Car_hh      equ   b'01110100'; Caracter h en siete segmentos
  00000010            00060 Car_i       equ   b'00010000'; Caracter i en siete segmentos
  0000001E            00061 Car_J       equ   b'00011110'; Caracter J en siete segmentos
  00000038            00062 Car_L       equ   b'00111000'; Caracter L en siete segmentos
  00000054            00063 Car_n       equ   b'01010100'; Caracter n en siete segmentos
  0000005C            00064 Car_o       equ   b'01011100'; Caracter o en siete segmentos
  00000073            00065 Car_P       equ   b'01110011'; Caracter P en siete segmentos
  00000067            00066 Car_q       equ   b'01100111'; Caracter q en siete segmentos
  00000050            00067 Car_r       equ   b'01010000'; Caracter r en siete segmentos
  0000006D            00068 Car_S       equ   b'01101101'; Caracter S en siete segmentos
  00000078            00069 Car_t       equ   b'01111000'; Caracter t en siete segmentos
  0000003E            00070 Car_U       equ   b'00111110'; Caracter U en siete segmentos
  0000001C            00071 Car_uu      equ   b'00011100'; Caracter u en siete segmentos
  0000006E            00072 Car_y       equ   b'01101110'; Caracter y en siete segemntos
  0000003F            00073 Car_0       equ   b'00111111'; Caracter 0 en siete segmentos
  00000006            00074 Car_1       equ   b'00000110'; Caracter 1 en siete segmentos
  0000005B            00075 Car_2       equ   b'01011011'; Caracter 2 en siete segmentos
  0000004F            00076 Car_3       equ   b'01001111'; Caracter 3 en siete segmentos
  00000066            00077 Car_4       equ   b'01100110'; Caracter 4 en siete segmentos
  0000006D            00078 Car_5       equ   b'01101101'; Caracter 5 en siete segmentos
  0000007D            00079 Car_6       equ   b'01111101'; Caracter 6 en siete segmentos
  00000007            00080 Car_7       equ   b'00000111'; Caracter 7 en siete segmentos
  0000007F            00081 Car_8       equ   b'01111111'; Caracter 8 en siete segmentos
  0000006F            00082 Car_9       equ   b'01101111'; Caracter 9 en siete segmentos
  00000000            00083 Car_null    equ   b'00000000'; Caracter nulo (espacios)
                      00084 ;-------------------------------------------------------------------------------------------------------
                            --------------------------------------------
                      00085 ;ASIGNACION DE LOS BITS DE LOS PUERTOS DE I/O
                      00086 ; PUERTO A
  00000000            00087 Sin_UsoRA0    equ    .0; //Sin uso RA0
  00000001            00088 Sin_UsoRA1    equ    .1; //Sin uso RA1
  00000002            00089 Sin_UsoRA2    equ    .2; //Sin uso RA2
  00000003            00090 Sin_UsoRA3    equ    .3; //Sin uso RA3
  00000004            00091 Sin_UsoRA4    equ    .4; //Sin uso RA4 
  00000005            00092 Sin_UsoRA5    equ    .5; //Sin uso RA5
MPASM  5.51                       BUENO-2.ASM   11-20-2016  13:13:54         PAGE  3


LOC  OBJECT CODE     LINE SOURCE TEXT
  VALUE

                      00093 
  0000003F            00094 proga         equ    b'111111';Programación inicial del puerto A
                      00095 ;Si al bit de RA0 se le pone como 1, se considera como entrada, y si tiene 0 es salida
                      00096 ;
                      00097 ; PUERTO B
                      00098 ; Nos sirve para poder mandar el codigo de los caracteres a los displays
  00000000            00099 Seg_a             equ    .0; //Segmento a del bus de segmentos
  00000001            00100 Seg_b             equ    .1; //Segmento b del bus de segmentos
  00000002            00101 Seg_c             equ    .2; //Segmento c del bus de segmentos
  00000003            00102 Seg_d             equ    .3; //Segmento d del bus de segmentos
  00000004            00103 Seg_e             equ    .4; //Segmento e del bus de segmentos
  00000005            00104 Seg_f             equ    .5; //Segmento f del bus de segmentos
  00000006            00105 Seg_g             equ    .6; //Segmento g del bus de segmentos
  00000007            00106 Seg_dp            equ    .7; //Segmento dp del bus de segmentos
                      00107 
  00000000            00108 progb         equ    b'00000000';Programación inicial del puerto B
                      00109 ;
                      00110 ; PUERTO C
                      00111 ; Sirve para mandar los pulsos de reloj a los registros
  00000000            00112 Com_Disp0     equ    .0; //Bit que controla el común del display 0
  00000001            00113 Com_Disp1     equ    .1; //Bit que controla el común del display 1
  00000002            00114 Com_Disp2     equ    .2; //Bit que controla el común del display 2
  00000003            00115 Com_Disp3     equ    .3; //Bit que controla el común del display 3
  00000004            00116 Com_Disp4     equ    .4; //Bit que controla el común del display 4
  00000005            00117 Com_Disp5     equ    .5; //Bit que controla el común del display 5
  00000006            00118 Com_Disp6     equ    .6; //Bit que controla el común del display 6
  00000007            00119 Com_Disp7     equ    .7; //Bit que controla el común del display 7
                      00120 
  00000000            00121 progc         equ    b'00000000';Programación inicial del puerto C como salidas
                      00122 ;
                      00123 ; PUERTO D
  00000000            00124 bit0                    equ    .0; //Sin uso RD0
  00000001            00125 bit1                    equ    .1; //Sin uso RD1
  00000002            00126 bit2                    equ    .2; //Sin uso RD2
  00000003            00127 bit3                    equ    .3; //Sin uso RD3
  00000004            00128 Ingreso_dat     equ    .4; //Sin uso RD4
  00000005            00129 Ope0                    equ    .5; //Sin uso RD5
  00000006            00130 Ope1                    equ    .6; //Sin uso RD6
  00000007            00131 Sin_UsoRD7      equ    .7; //Sin uso RD7
                      00132 
                      00133 
  000000FF            00134 progd         equ    b'11111111';Programación inicial del puerto D como entradas
                      00135 ;
                      00136 ; PUERTO E
  00000000            00137 Sin_UsoRE0    equ    .0;
  00000001            00138 Sin_UsoRE1    equ    .1;
  00000002            00139 Sin_UsoRE2    equ    .2;
                      00140 
  00000007            00141 proge         equ    b'111';Programación inicial del puerto E como entradas
                      00142 ;-------------------------------------------------------------------------------------------------------
                            ----------------------------------
                      00143 ;
                      00144                  ;==================
MPASM  5.51                       BUENO-2.ASM   11-20-2016  13:13:54         PAGE  4


LOC  OBJECT CODE     LINE SOURCE TEXT
  VALUE

                      00145                  ;== VECTOR RESET ==
                      00146                  ;==================
0000                  00147                  org 0x0000; 
0000   018A           00148 vec_reset        clrf PCLATH; Asegurará la pagina 0 de la memoria del programa
0001   281A           00149                  goto prog_prin; Indica que vaya a la etiqueta prog_prin
                      00150 ;-------------------------------------------------------------------------------------------------------
                            ----------------------------------
                      00151                  ;============================
                      00152                  ;== VECTOR DE INTERRUPCION ==
                      00153                  ;============================
0004                  00154                  org  0x0004;
0004   0000           00155 vec_int          nop;
0005   0009           00156                  retfie;
                      00157 ;-------------------------------------------------------------------------------------------------------
                            ----------------------------------
                      00158                  ;=========================
                      00159                  ;== SUBRUTINA DE INICIO ==
                      00160                  ;=========================
0006   1683           00161 prog_ini         bsf   STATUS,RP0; 
0007   3081           00162                  movlw  0x81; 
Message[302]: Register in operand not in bank 0.  Ensure that bank bits are correct.
0008   0081           00163                  movwf  OPTION_REG; 
0009   303F           00164                  movlw  proga; 
Message[302]: Register in operand not in bank 0.  Ensure that bank bits are correct.
000A   0085           00165                  movwf  TRISA;
000B   3000           00166                          movlw  progb;
Message[302]: Register in operand not in bank 0.  Ensure that bank bits are correct.
000C   0086           00167                  movwf  TRISB;
000D   3000           00168                  movlw  progc;
Message[302]: Register in operand not in bank 0.  Ensure that bank bits are correct.
000E   0087           00169                  movwf  TRISC;
000F   30FF           00170                  movlw  progd;
Message[302]: Register in operand not in bank 0.  Ensure that bank bits are correct.
0010   0088           00171                  movwf  TRISD;
0011   3007           00172                  movlw  proge;
Message[302]: Register in operand not in bank 0.  Ensure that bank bits are correct.
0012   0089           00173                  movwf  TRISE;
0013   3006           00174                  movlw  0x06;
Message[302]: Register in operand not in bank 0.  Ensure that bank bits are correct.
0014   009F           00175                  movwf  ADCON1;
0015   1283           00176                  bcf    STATUS,RP0; 
                      00177 
0016   0186           00178                  clrf   PORTB;
0017   30FF           00179                  movlw  b'11111111';
0018   0087           00180                  movwf  PORTC;
                      00181 
0019   0008           00182                  return;
                      00183 ;-------------------------------------------------------------------------------------------------------
                            ---------------------------------
                      00184                  ;=======================
                      00185                  ;== PROGRAMA PINCIPAL ==
                      00186                  ;=======================
001A   2006           00187 prog_prin        call   prog_ini; Llamamos a la etiqueta prog_ini
MPASM  5.51                       BUENO-2.ASM   11-20-2016  13:13:54         PAGE  5


LOC  OBJECT CODE     LINE SOURCE TEXT
  VALUE

001B   1283           00188 ini              bcf    STATUS,RP0;
001C   1303           00189                                 bcf     STATUS,RP1;
001D   3000           00190                                 movlw     0x00;
001E   00A2           00191                                 movwf     r0;
001F   00A3           00192                                 movwf     r1;
0020   2116           00193 loop1           call    lee_num
0021   1A08           00194                                 btfsc   PORTD,4;
0022   2820           00195                                 goto    loop1;
0023   0808           00196                                 movf    PORTD,W;
0024   390F           00197                 andlw  0x0F;
0025   00A0           00198                                 movwf   x0;
0026   00A4           00199                 movwf  respaldo;
0027   2087           00200                 call   prob_x0;
0028   0822           00201 mostrar_x0      movf   r0,w;
0029   0086           00202                                 movwf  PORTB;
002A   1007           00203                                 bcf    PORTC,Com_Disp0;                  
002B   205F           00204                 call   retardo;
002C   1407           00205                                 bsf    PORTC,Com_Disp0;
002D   3000           00206                 movlw  0x00;
002E   00A4           00207                 movwf  respaldo;                 
002F   2124           00208 loop2           call   lee_num2
0030   1A08           00209                                 btfsc   PORTD,4;
0031   282F           00210                                 goto    loop2;
0032   0808           00211                                 movf    PORTD,W;
0033   390F           00212                 andlw  0x0F;
0034   00A1           00213                                 movwf   y0;
0035   00A4           00214                                 movwf  respaldo;
0036   208C           00215                 call   prob_y0;
0037   0822           00216 mostrar_y0      movf   r0,w;
0038   0086           00217                                 movwf  PORTB;
0039   1007           00218                                 bcf    PORTC,Com_Disp0;                  
003A   205F           00219                 call   retardo;
003B   1407           00220                                 bsf    PORTC,Com_Disp0;
003C   3000           00221                 movlw  0x00;
003D   00A4           00222                 movwf  respaldo;
003E   1A08           00223 loop3           btfsc   PORTD,4;
003F   283E           00224                                 goto    loop3;
0040   1B08           00225                 btfsc  PORTD,6;
0041   2857           00226                 goto   resta;
0042   0103           00227                 clrw
0043   0720           00228                                 addwf  x0,W;
0044   0721           00229                                 addwf  y0,W;
0045   00A8           00230                                 movwf  resultado;
0046   00A4           00231                 movwf  respaldo;
0047   2082           00232                 call   enc_num;
0048   2075           00233 retr            call   retardo3;
0049   0822           00234 mostrar          movf   r0,w;
004A   0086           00235                                  movwf  PORTB;
004B   1007           00236                                  bcf    PORTC,Com_Disp0;
004C   206C           00237                                 call   retardo2;
004D   1407           00238                                 bsf    PORTC,Com_Disp0;
004E   0823           00239                                 movf   r1,w;
004F   0086           00240                         movwf  PORTB;
MPASM  5.51                       BUENO-2.ASM   11-20-2016  13:13:54         PAGE  6


LOC  OBJECT CODE     LINE SOURCE TEXT
  VALUE

0050   1087           00241                                 bcf    PORTC,Com_Disp1;
0051   206C           00242                                 call   retardo2;
0052   1487           00243                                 bsf    PORTC,Com_Disp1;
0053   1A08           00244                                 btfsc  PORTD,4;
0054   2849           00245                                 goto   mostrar;
0055   205F           00246                 call   retardo;
0056   2820           00247                                 goto   loop1; 
                      00248 ;-------------------------------------------------------------------------------------------------------
                            ------------------------------------------------------------------------------------------------
                      00249 
                      00250                ;=========================
                      00251                ;= Subrutina para restar =
                      00252                ;=========================
                      00253 
0057   0821           00254 resta            movf   y0,w;
0058   0220           00255                  subwf  x0,w;
0059   1C03           00256                  btfss  STATUS,C;
005A   28EC           00257                  goto   err2;
005B   00A8           00258                  movwf  resultado;
005C   00A4           00259                  movwf  respaldo;
005D   2082           00260                  call   enc_num;
005E   2848           00261                  goto   retr;
                      00262 ;-------------------------------------------------------------------------------------------------------
                            ------------------------------------------------------------------------------------------------
                      00263 
                      00264                ;======================================
                      00265                ;= Subrutina de retardo de 2 segundos =
                      00266                ;======================================
                      00267 
005F   3080           00268 retardo         movlw L
0060   00A5           00269                 movwf Contador1;
0061   3040           00270 loopc1              movlw M
0062   00A6           00271                 movwf Contador2;
0063   3040           00272 loopc2          movlw N
0064   00A7           00273                 movwf Contador3;
0065   0BA7           00274 loopc3          decfsz Contador3,f;
0066   2865           00275                         goto loopc3
0067   0BA6           00276                 decfsz Contador2,f;
0068   2863           00277                                 goto loopc2
0069   0BA5           00278                         decfsz Contador1,f;
006A   2861           00279                                 goto loopc1
006B   0008           00280                                 return;
                      00281 
                      00282 ;-------------------------------------------------------------------------------------------------------
                            ------------------------------------------------------------------------------------------------
                      00283 
                      00284                  ;=============================================
                      00285                  ;== Subrutina de retardo de 2 mili segundos ==
                      00286                  ;=============================================
                      00287                  ; PAGINA CERO
                      00288  
006C   3002           00289 retardo2         movlw .2;
006D   00A7           00290                  movwf Contador3;
MPASM  5.51                       BUENO-2.ASM   11-20-2016  13:13:54         PAGE  7


LOC  OBJECT CODE     LINE SOURCE TEXT
  VALUE

006E   30FF           00291 Loop0a           movlw .255;
006F   00A6           00292                  movwf Contador2;
0070   0BA6           00293 Loop0b           decfsz Contador2,f;
0071   2870           00294                  goto Loop0b;
0072   0BA7           00295                  decfsz Contador3,f;
0073   286E           00296                  goto Loop0a;
                      00297               
0074   0008           00298                  return;
                      00299 ;-------------------------------------------------------------------------------------------------------
                            ------------------------------------------------------------------------------------------------
                      00300 
                      00301                ;========================
                      00302                ;= Subrutina de retardo =
                      00303                ;========================
                      00304 
0075   3005           00305 retardo3        movlw .5
0076   00A5           00306                 movwf Contador1;
0077   3064           00307 loopu1          movlw .100
0078   00A6           00308                 movwf Contador2;
0079   30FF           00309 loopu2          movlw .255
007A   00A7           00310                 movwf Contador3;
007B   0BA7           00311 loopu3          decfsz Contador3,f;
007C   287B           00312                 goto loopu3
007D   0BA6           00313                 decfsz Contador2,f;
007E   2879           00314                 goto loopu2
007F   0BA5           00315                 decfsz Contador1,f;
0080   2877           00316                 goto loopu1;
0081   0008           00317                 return;
                      00318 
                      00319 ;-------------------------------------------------------------------------------------------------------
                            ------------------------------------------------------------------------------------------------
                      00320 
                      00321                ;===================================
                      00322                ;= Subrutina para encontrar número =
                      00323                ;===================================
                      00324                 
0082   300A           00325 enc_num         movlw .10;
0083   0228           00326                 subwf resultado,w;
0084   1803           00327                 btfsc STATUS,C;
0085   20DE           00328                 call  dos_digitos;
0086   2891           00329                 goto  find_num;
0087   300A           00330 prob_x0         movlw .10;
0088   0220           00331                 subwf x0,w;
0089   1803           00332                 btfsc STATUS,C;
008A   20E1           00333                 call  err1;
008B   2891           00334                 goto  find_num;
008C   300A           00335 prob_y0         movlw .10;
008D   0221           00336                 subwf y0,w;
008E   1803           00337                 btfsc STATUS,C;
008F   20E1           00338                 call  err1;
0090   2891           00339                 goto  find_num;
0091   3000           00340 find_num        movlw .0;
0092   0224           00341                         subwf respaldo,w;
MPASM  5.51                       BUENO-2.ASM   11-20-2016  13:13:54         PAGE  8


LOC  OBJECT CODE     LINE SOURCE TEXT
  VALUE

0093   1903           00342                         btfsc STATUS,Z;
0094   28F7           00343                         goto fue_cero;
0095   3001           00344                 movlw .1;
0096   0224           00345                         subwf respaldo,w;
0097   1903           00346                         btfsc STATUS,Z;
0098   28FA           00347                         goto fue_uno;
0099   3002           00348                         movlw .2;
009A   0224           00349                         subwf respaldo,w;
009B   1903           00350                         btfsc STATUS,Z;
009C   28FD           00351                         goto fue_dos;
009D   3003           00352                 movlw .3;
009E   0224           00353                         subwf respaldo,w;
009F   1903           00354                         btfsc STATUS,Z;
00A0   2900           00355                         goto fue_tres;
00A1   3004           00356                 movlw .4;
00A2   0224           00357                         subwf respaldo,w;
00A3   1903           00358                         btfsc STATUS,Z;
00A4   2903           00359                         goto fue_cuatro;
00A5   3005           00360                 movlw .5;
00A6   0224           00361                 subwf respaldo,w;
00A7   1903           00362                         btfsc STATUS,Z;
00A8   2906           00363                         goto fue_cinco;
00A9   3006           00364                 movlw .6;
00AA   0224           00365                         subwf respaldo,w;
00AB   1903           00366                 btfsc STATUS,Z;
00AC   2909           00367                 goto fue_seis;
00AD   3007           00368                 movlw .7;
00AE   0224           00369                 subwf respaldo,w;
00AF   1903           00370                 btfsc STATUS,Z;
00B0   290C           00371                 goto fue_siete;
00B1   3008           00372                 movlw .8;
00B2   0224           00373                 subwf respaldo,w;
00B3   1903           00374                 btfsc STATUS,Z;
00B4   290F           00375                 goto fue_ocho;
00B5   3009           00376                 movlw .9;
00B6   0224           00377                 subwf respaldo,w;
00B7   1903           00378                 btfsc STATUS,Z;
00B8   2912           00379                 goto fue_nueve;
00B9   300A           00380                 movlw .10;
00BA   0224           00381                 subwf respaldo,w;
00BB   1903           00382                 btfsc STATUS,Z;
00BC   28F7           00383                 goto fue_cero;
00BD   300B           00384                 movlw .11;
00BE   0224           00385                 subwf respaldo,w;
00BF   1903           00386                         btfsc STATUS,Z;
00C0   28FA           00387                 goto fue_uno;
00C1   300C           00388                 movlw .12;
00C2   0224           00389                 subwf respaldo,w;
00C3   1903           00390                 btfsc STATUS,Z;
00C4   28FD           00391                         goto fue_dos;
00C5   300D           00392                 movlw .13;
00C6   0224           00393                 subwf respaldo,w;
00C7   1903           00394                 btfsc STATUS,Z;
MPASM  5.51                       BUENO-2.ASM   11-20-2016  13:13:54         PAGE  9


LOC  OBJECT CODE     LINE SOURCE TEXT
  VALUE

00C8   2900           00395                 goto fue_tres;
00C9   300E           00396                 movlw .14;
00CA   0224           00397                 subwf respaldo,w;
00CB   1903           00398                 btfsc STATUS,Z;
00CC   2903           00399                 goto fue_cuatro;
00CD   300F           00400                 movlw .15;
00CE   0224           00401                 subwf respaldo,w;
00CF   1903           00402                 btfsc STATUS,Z;
00D0   2906           00403                 goto fue_cinco;
00D1   3010           00404                 movlw .16;
00D2   0224           00405                 subwf respaldo,w;
00D3   1903           00406                 btfsc STATUS,Z;
00D4   2909           00407                 goto fue_seis;
00D5   3011           00408                 movlw .17;
00D6   0224           00409                 subwf respaldo,w;
00D7   1903           00410                 btfsc STATUS,Z;
00D8   290C           00411                 goto fue_siete;
00D9   3012           00412                 movlw .18;
00DA   0224           00413                 subwf respaldo,w;
00DB   1903           00414                 btfsc STATUS,Z;
00DC   290F           00415                 goto fue_ocho;
                      00416                 
00DD   0008           00417                 return;
                      00418 ;-------------------------------------------------------------------------------------------------------
                            ------------------------------------------------------------------------------------------------
                      00419                 
                      00420                 ;======================================
                      00421                 ;= Subrutina para números mayores a 9 =
                      00422                 ;======================================
                      00423                 
00DE   3006           00424 dos_digitos     movlw Car_1;
00DF   00A3           00425                         movwf r1;
00E0   0008           00426                                 return;
                      00427 ;-------------------------------------------------------------------------------------------------------
                            ------------------------------------------------------------------------------------------------
                      00428 
                      00429                 ;=============================
                      00430                 ;= Error de más de un dígito =
                      00431                 ;=============================
                      00432 
00E1   303C           00433 err1             movlw .60;
00E2   00A5           00434                  movwf Contador1;
00E3   3079           00435 men_err          movlw Car_E;              E
00E4   0086           00436                  movwf PORTB;
00E5   1007           00437                  bcf PORTC, Com_Disp0;
00E6   206C           00438                  call retardo2;
00E7   1407           00439                  bsf PORTC, Com_Disp0;
00E8   206C           00440                  call retardo2;
00E9   0BA5           00441                  decfsz Contador1,f;
00EA   28E3           00442                  goto men_err;
                      00443                  
00EB   281B           00444                  goto  ini;
                      00445 
MPASM  5.51                       BUENO-2.ASM   11-20-2016  13:13:54         PAGE 10


LOC  OBJECT CODE     LINE SOURCE TEXT
  VALUE

                      00446 ;-------------------------------------------------------------------------------------------------------
                            ------------------------------------------------------------------------------------------------
                      00447 
                      00448                 ;============================
                      00449                 ;= Error de número negativo =
                      00450                 ;============================
                      00451 
00EC   303C           00452 err2             movlw .60;
00ED   00A5           00453                  movwf Contador1;
00EE   3079           00454 men_err2         movlw Car_E;              E
00EF   0086           00455                  movwf PORTB;
00F0   1007           00456                  bcf PORTC, Com_Disp0;
00F1   206C           00457                  call retardo2;
00F2   1407           00458                  bsf PORTC, Com_Disp0;
00F3   206C           00459                  call retardo2;
00F4   0BA5           00460                  decfsz Contador1,f;
00F5   28EE           00461                  goto men_err2;
                      00462                  
00F6   281B           00463                  goto  ini;
                      00464 
                      00465 ;-------------------------------------------------------------------------------------------------------
                            ------------------------------------------------------------------------------------------------
                      00466                 
                      00467                 ;====================================
                      00468                 ;= Subrutina de carga de caracteres =
                      00469                 ;====================================
                      00470                 
00F7   303F           00471 fue_cero        movlw Car_0;
00F8   00A2           00472                         movwf r0;
00F9   2915           00473                         goto salte_conv;
00FA   3006           00474 fue_uno         movlw Car_1;
00FB   00A2           00475                         movwf r0;
00FC   2915           00476                         goto salte_conv;
00FD   305B           00477 fue_dos         movlw Car_2;
00FE   00A2           00478                         movwf r0;
00FF   2915           00479                         goto salte_conv;
0100   304F           00480 fue_tres        movlw Car_3;
0101   00A2           00481                         movwf r0;
0102   2915           00482                         goto salte_conv;
0103   3066           00483 fue_cuatro      movlw Car_4;
0104   00A2           00484                         movwf r0;
0105   2915           00485                         goto salte_conv;
0106   306D           00486 fue_cinco       movlw Car_5;
0107   00A2           00487                         movwf r0;
0108   2915           00488                         goto salte_conv;
0109   307D           00489 fue_seis        movlw Car_6;
010A   00A2           00490                         movwf r0;
010B   2915           00491                         goto salte_conv;
010C   3007           00492 fue_siete       movlw Car_7;
010D   00A2           00493                         movwf r0;
010E   2915           00494                         goto salte_conv;
010F   307F           00495 fue_ocho        movlw Car_8;
0110   00A2           00496                         movwf r0;
MPASM  5.51                       BUENO-2.ASM   11-20-2016  13:13:54         PAGE 11


LOC  OBJECT CODE     LINE SOURCE TEXT
  VALUE

0111   2915           00497                         goto salte_conv;
0112   306F           00498 fue_nueve       movlw Car_9;
0113   00A2           00499                         movwf r0;
0114   2915           00500                         goto salte_conv;
                      00501                 
0115   0008           00502 salte_conv      return;
                      00503 ;-------------------------------------------------------------------------------------------------------
                            ------------------------------------------------------------------------------------------------
                      00504 
                      00505 
                      00506 
                      00507                                         ;=================================================
                      00508                                         ;=== SUB RUTINA  LEE NUM EN BINARIO           ====
                      00509                                         ;=================================================
0116   0808           00510 lee_num                         movf PORTD,w;
0117   0084           00511                                         movwf Ingreso_dat;
0118   300F           00512                                         movlw 0x0f;
0119   0584           00513                                         andwf Ingreso_dat,f;
                      00514 
011A   1A08           00515 esp_tec                         btfsc PORTD,Ingreso_dat;
011B   291A           00516                                         goto esp_tec;
011C   0008           00517                                         return;
                      00518 ;-------------------------------------------------------------------------------------------------------
                            ------------------------------------------------------------------------------------------------
                      00519 ;-------------------------------------------------------------------------------------------------------
                            ------------------------------------------------------------------------------------------------
                      00520 
                      00521 
                      00522 
                      00523                                         ;=================================================
                      00524                                         ;=== SUB RUTINA  LEE NUM EN BINARIO    2      ====
                      00525                                         ;=================================================
011D   0808           00526 lee_num1                        movf PORTD,w;
011E   0084           00527                                         movwf Ingreso_dat;
011F   300F           00528                                         movlw 0x0f;
0120   0584           00529                                         andwf Ingreso_dat,f;
                      00530 
0121   1A08           00531 esp_tec1                        btfsc PORTD,Ingreso_dat;
0122   2921           00532                                         goto esp_tec1;
0123   0008           00533                                         return;
                      00534 ;-------------------------------------------------------------------------------------------------------
                            ------------------------------------------------------------------------------------------------
                      00535 ;-------------------------------------------------------------------------------------------------------
                            ------------------------------------------------------------------------------------------------
                      00536 
                      00537 
                      00538 
                      00539                                         ;=================================================
                      00540                                         ;=== SUB RUTINA regresar           ====
                      00541                                         ;=================================================
0124   0808           00542 lee_num2                        movf PORTD,w;
0125   0084           00543                                         movwf Ingreso_dat;
0126   300F           00544                                         movlw 0x0f;
MPASM  5.51                       BUENO-2.ASM   11-20-2016  13:13:54         PAGE 12


LOC  OBJECT CODE     LINE SOURCE TEXT
  VALUE

0127   0584           00545                                         andwf Ingreso_dat,f;
                      00546 
0128   1A08           00547 esp_tec2                        btfsc PORTD,Ingreso_dat;
0129   2928           00548                                         goto esp_tec2;
012A   0008           00549                                         return;
                      00550 ;-------------------------------------------------------------------------------------------------------
                            ------------------------------------------------------------------------------------------------
                      00551                 
                      00552                 end;
MPASM  5.51                       BUENO-2.ASM   11-20-2016  13:13:54         PAGE 13


SYMBOL TABLE
  LABEL                             VALUE 

ACKDT                             00000005
ACKEN                             00000004
ACKSTAT                           00000006
ADCON0                            0000001F
ADCON1                            0000009F
ADCS0                             00000006
ADCS1                             00000007
ADCS2                             00000006
ADDEN                             00000003
ADFM                              00000007
ADIE                              00000006
ADIF                              00000006
ADON                              00000000
ADRESH                            0000001E
ADRESL                            0000009E
BCLIE                             00000003
BCLIF                             00000003
BF                                00000000
BRGH                              00000002
C                                 00000000
C1INV                             00000004
C1OUT                             00000006
C2INV                             00000005
C2OUT                             00000007
CCP1CON                           00000017
CCP1IE                            00000002
CCP1IF                            00000002
CCP1M0                            00000000
CCP1M1                            00000001
CCP1M2                            00000002
CCP1M3                            00000003
CCP1X                             00000005
CCP1Y                             00000004
CCP2CON                           0000001D
CCP2IE                            00000000
CCP2IF                            00000000
CCP2M0                            00000000
CCP2M1                            00000001
CCP2M2                            00000002
CCP2M3                            00000003
CCP2X                             00000005
CCP2Y                             00000004
CCPR1                             00000015
CCPR1H                            00000016
CCPR1L                            00000015
CCPR2                             0000001B
CCPR2H                            0000001C
CCPR2L                            0000001B
CHS0                              00000003
CHS1                              00000004
CHS2                              00000005
CIS                               00000003
CKE                               00000006
MPASM  5.51                       BUENO-2.ASM   11-20-2016  13:13:54         PAGE 14


SYMBOL TABLE
  LABEL                             VALUE 

CKP                               00000004
CM0                               00000000
CM1                               00000001
CM2                               00000002
CMCON                             0000009C
CMIE                              00000006
CMIF                              00000006
CREN                              00000004
CSRC                              00000007
CVR0                              00000000
CVR1                              00000001
CVR2                              00000002
CVR3                              00000003
CVRCON                            0000009D
CVREN                             00000007
CVROE                             00000006
CVRR                              00000005
Car_0                             0000003F
Car_1                             00000006
Car_2                             0000005B
Car_3                             0000004F
Car_4                             00000066
Car_5                             0000006D
Car_6                             0000007D
Car_7                             00000007
Car_8                             0000007F
Car_9                             0000006F
Car_A                             00000077
Car_C                             00000039
Car_E                             00000079
Car_F                             00000071
Car_G                             0000007D
Car_H                             00000076
Car_J                             0000001E
Car_L                             00000038
Car_P                             00000073
Car_S                             0000006D
Car_U                             0000003E
Car_b                             0000007C
Car_cc                            00000058
Car_d                             0000005E
Car_gg                            0000006F
Car_hh                            00000074
Car_i                             00000010
Car_n                             00000054
Car_null                          00000000
Car_o                             0000005C
Car_q                             00000067
Car_r                             00000050
Car_t                             00000078
Car_uu                            0000001C
Car_y                             0000006E
Com_Disp0                         00000000
MPASM  5.51                       BUENO-2.ASM   11-20-2016  13:13:54         PAGE 15


SYMBOL TABLE
  LABEL                             VALUE 

Com_Disp1                         00000001
Com_Disp2                         00000002
Com_Disp3                         00000003
Com_Disp4                         00000004
Com_Disp5                         00000005
Com_Disp6                         00000006
Com_Disp7                         00000007
Contador1                         00000025
Contador2                         00000026
Contador3                         00000027
D                                 00000005
DATA_ADDRESS                      00000005
DC                                00000001
D_A                               00000005
D_NOT_A                           00000005
EEADR                             0000010D
EEADRH                            0000010F
EECON1                            0000018C
EECON2                            0000018D
EEDATA                            0000010C
EEDATH                            0000010E
EEIE                              00000004
EEIF                              00000004
EEPGD                             00000007
F                                 00000001
FERR                              00000002
FSR                               00000004
GCEN                              00000007
GIE                               00000007
GO                                00000002
GO_DONE                           00000002
GO_NOT_DONE                       00000002
I2C_DATA                          00000005
I2C_READ                          00000002
I2C_START                         00000003
I2C_STOP                          00000004
IBF                               00000007
IBOV                              00000005
INDF                              00000000
INTCON                            0000000B
INTE                              00000004
INTEDG                            00000006
INTF                              00000001
IRP                               00000007
Ingreso_dat                       00000004
L                                 00000080
Loop0a                            0000006E
Loop0b                            00000070
M                                 00000040
N                                 00000040
NOT_A                             00000005
NOT_ADDRESS                       00000005
NOT_BO                            00000000
MPASM  5.51                       BUENO-2.ASM   11-20-2016  13:13:54         PAGE 16


SYMBOL TABLE
  LABEL                             VALUE 

NOT_BOR                           00000000
NOT_DONE                          00000002
NOT_PD                            00000003
NOT_POR                           00000001
NOT_RBPU                          00000007
NOT_RC8                           00000006
NOT_T1SYNC                        00000002
NOT_TO                            00000004
NOT_TX8                           00000006
NOT_W                             00000002
NOT_WRITE                         00000002
OBF                               00000006
OERR                              00000001
OPTION_REG                        00000081
Ope0                              00000005
Ope1                              00000006
P                                 00000004
PCFG0                             00000000
PCFG1                             00000001
PCFG2                             00000002
PCFG3                             00000003
PCL                               00000002
PCLATH                            0000000A
PCON                              0000008E
PEIE                              00000006
PEN                               00000002
PIE1                              0000008C
PIE2                              0000008D
PIR1                              0000000C
PIR2                              0000000D
PORTA                             00000005
PORTB                             00000006
PORTC                             00000007
PORTD                             00000008
PORTE                             00000009
PR2                               00000092
PS0                               00000000
PS1                               00000001
PS2                               00000002
PSA                               00000003
PSPIE                             00000007
PSPIF                             00000007
PSPMODE                           00000004
R                                 00000002
RA0                               00000000
RA1                               00000001
RA2                               00000002
RA3                               00000003
RA4                               00000004
RA5                               00000005
RB0                               00000000
RB1                               00000001
RB2                               00000002
MPASM  5.51                       BUENO-2.ASM   11-20-2016  13:13:54         PAGE 17


SYMBOL TABLE
  LABEL                             VALUE 

RB3                               00000003
RB4                               00000004
RB5                               00000005
RB6                               00000006
RB7                               00000007
RBIE                              00000003
RBIF                              00000000
RC0                               00000000
RC1                               00000001
RC2                               00000002
RC3                               00000003
RC4                               00000004
RC5                               00000005
RC6                               00000006
RC7                               00000007
RC8_9                             00000006
RC9                               00000006
RCD8                              00000000
RCEN                              00000003
RCIE                              00000005
RCIF                              00000005
RCREG                             0000001A
RCSTA                             00000018
RD                                00000000
RD0                               00000000
RD1                               00000001
RD2                               00000002
RD3                               00000003
RD4                               00000004
RD5                               00000005
RD6                               00000006
RD7                               00000007
RE0                               00000000
RE1                               00000001
RE2                               00000002
READ_WRITE                        00000002
RP0                               00000005
RP1                               00000006
RSEN                              00000001
RX9                               00000006
RX9D                              00000000
R_NOT_W                           00000002
R_W                               00000002
S                                 00000003
SEN                               00000000
SMP                               00000007
SPBRG                             00000099
SPEN                              00000007
SREN                              00000005
SSPADD                            00000093
SSPBUF                            00000013
SSPCON                            00000014
SSPCON2                           00000091
MPASM  5.51                       BUENO-2.ASM   11-20-2016  13:13:54         PAGE 18


SYMBOL TABLE
  LABEL                             VALUE 

SSPEN                             00000005
SSPIE                             00000003
SSPIF                             00000003
SSPM0                             00000000
SSPM1                             00000001
SSPM2                             00000002
SSPM3                             00000003
SSPOV                             00000006
SSPSTAT                           00000094
STATUS                            00000003
SYNC                              00000004
Seg_a                             00000000
Seg_b                             00000001
Seg_c                             00000002
Seg_d                             00000003
Seg_dp                            00000007
Seg_e                             00000004
Seg_f                             00000005
Seg_g                             00000006
Sin_UsoRA0                        00000000
Sin_UsoRA1                        00000001
Sin_UsoRA2                        00000002
Sin_UsoRA3                        00000003
Sin_UsoRA4                        00000004
Sin_UsoRA5                        00000005
Sin_UsoRD7                        00000007
Sin_UsoRE0                        00000000
Sin_UsoRE1                        00000001
Sin_UsoRE2                        00000002
T0CS                              00000005
T0IE                              00000005
T0IF                              00000002
T0SE                              00000004
T1CKPS0                           00000004
T1CKPS1                           00000005
T1CON                             00000010
T1INSYNC                          00000002
T1OSCEN                           00000003
T1SYNC                            00000002
T2CKPS0                           00000000
T2CKPS1                           00000001
T2CON                             00000012
TMR0                              00000001
TMR0IE                            00000005
TMR0IF                            00000002
TMR1                              0000000E
TMR1CS                            00000001
TMR1H                             0000000F
TMR1IE                            00000000
TMR1IF                            00000000
TMR1L                             0000000E
TMR1ON                            00000000
TMR2                              00000011
MPASM  5.51                       BUENO-2.ASM   11-20-2016  13:13:54         PAGE 19


SYMBOL TABLE
  LABEL                             VALUE 

TMR2IE                            00000001
TMR2IF                            00000001
TMR2ON                            00000002
TOUTPS0                           00000003
TOUTPS1                           00000004
TOUTPS2                           00000005
TOUTPS3                           00000006
TRISA                             00000085
TRISA0                            00000000
TRISA1                            00000001
TRISA2                            00000002
TRISA3                            00000003
TRISA4                            00000004
TRISA5                            00000005
TRISB                             00000086
TRISB0                            00000000
TRISB1                            00000001
TRISB2                            00000002
TRISB3                            00000003
TRISB4                            00000004
TRISB5                            00000005
TRISB6                            00000006
TRISB7                            00000007
TRISC                             00000087
TRISC0                            00000000
TRISC1                            00000001
TRISC2                            00000002
TRISC3                            00000003
TRISC4                            00000004
TRISC5                            00000005
TRISC6                            00000006
TRISC7                            00000007
TRISD                             00000088
TRISD0                            00000000
TRISD1                            00000001
TRISD2                            00000002
TRISD3                            00000003
TRISD4                            00000004
TRISD5                            00000005
TRISD6                            00000006
TRISD7                            00000007
TRISE                             00000089
TRISE0                            00000000
TRISE1                            00000001
TRISE2                            00000002
TRMT                              00000001
TX8_9                             00000006
TX9                               00000006
TX9D                              00000000
TXD8                              00000000
TXEN                              00000005
TXIE                              00000004
TXIF                              00000004
MPASM  5.51                       BUENO-2.ASM   11-20-2016  13:13:54         PAGE 20


SYMBOL TABLE
  LABEL                             VALUE 

TXREG                             00000019
TXSTA                             00000098
UA                                00000001
W                                 00000000
WCOL                              00000007
WR                                00000001
WREN                              00000002
WRERR                             00000003
Z                                 00000002
_BODEN_OFF                        00003FBF
_BODEN_ON                         00003FFF
_BOREN_OFF                        00003FBF
_BOREN_ON                         00003FFF
_CONFIG                           00002007
_CPD_OFF                          00003FFF
_CPD_ON                           00003EFF
_CP_ALL                           00001FFF
_CP_OFF                           00003FFF
_CP_ON                            00001FFF
_DEBUG_OFF                        00003FFF
_DEBUG_ON                         000037FF
_DEVID1                           00002006
_FOSC_EXTRC                       00003FFF
_FOSC_HS                          00003FFE
_FOSC_LP                          00003FFC
_FOSC_XT                          00003FFD
_HS_OSC                           00003FFE
_IDLOC0                           00002000
_IDLOC1                           00002001
_IDLOC2                           00002002
_IDLOC3                           00002003
_LP_OSC                           00003FFC
_LVP_OFF                          00003F7F
_LVP_ON                           00003FFF
_PWRTE_OFF                        00003FFF
_PWRTE_ON                         00003FF7
_RC_OSC                           00003FFF
_WDTE_OFF                         00003FFB
_WDTE_ON                          00003FFF
_WDT_OFF                          00003FFB
_WDT_ON                           00003FFF
_WRT_1FOURTH                      00003BFF
_WRT_256                          00003DFF
_WRT_HALF                         000039FF
_WRT_OFF                          00003FFF
_XT_OSC                           00003FFD
__16F877A                         00000001
__DEBUG                           1
bit0                              00000000
bit1                              00000001
bit2                              00000002
bit3                              00000003
dos_digitos                       000000DE
MPASM  5.51                       BUENO-2.ASM   11-20-2016  13:13:54         PAGE 21


SYMBOL TABLE
  LABEL                             VALUE 

enc_num                           00000082
err1                              000000E1
err2                              000000EC
esp_tec                           0000011A
esp_tec1                          00000121
esp_tec2                          00000128
find_num                          00000091
fue_cero                          000000F7
fue_cinco                         00000106
fue_cuatro                        00000103
fue_dos                           000000FD
fue_nueve                         00000112
fue_ocho                          0000010F
fue_seis                          00000109
fue_siete                         0000010C
fue_tres                          00000100
fue_uno                           000000FA
ini                               0000001B
lee_num                           00000116
lee_num1                          0000011D
lee_num2                          00000124
loop1                             00000020
loop2                             0000002F
loop3                             0000003E
loopc1                            00000061
loopc2                            00000063
loopc3                            00000065
loopu1                            00000077
loopu2                            00000079
loopu3                            0000007B
men_err                           000000E3
men_err2                          000000EE
mostrar                           00000049
mostrar_x0                        00000028
mostrar_y0                        00000037
prob_x0                           00000087
prob_y0                           0000008C
prog_ini                          00000006
prog_prin                         0000001A
proga                             0000003F
progb                             00000000
progc                             00000000
progd                             000000FF
proge                             00000007
r0                                00000022
r1                                00000023
resp_num                          00000030
resp_num1                         00000031
resp_num2                         00000032
respaldo                          00000024
resta                             00000057
resultado                         00000028
retardo                           0000005F
MPASM  5.51                       BUENO-2.ASM   11-20-2016  13:13:54         PAGE 22


SYMBOL TABLE
  LABEL                             VALUE 

retardo2                          0000006C
retardo3                          00000075
retr                              00000048
salte_conv                        00000115
subst                             00000029
vec_int                           00000004
vec_reset                         00000000
x0                                00000020
y0                                00000021


MEMORY USAGE MAP ('X' = Used,  '-' = Unused)

0000 : XX--XXXXXXXXXXXX XXXXXXXXXXXXXXXX XXXXXXXXXXXXXXXX XXXXXXXXXXXXXXXX
0040 : XXXXXXXXXXXXXXXX XXXXXXXXXXXXXXXX XXXXXXXXXXXXXXXX XXXXXXXXXXXXXXXX
0080 : XXXXXXXXXXXXXXXX XXXXXXXXXXXXXXXX XXXXXXXXXXXXXXXX XXXXXXXXXXXXXXXX
00C0 : XXXXXXXXXXXXXXXX XXXXXXXXXXXXXXXX XXXXXXXXXXXXXXXX XXXXXXXXXXXXXXXX
0100 : XXXXXXXXXXXXXXXX XXXXXXXXXXXXXXXX XXXXXXXXXXX----- ----------------
2000 : -------X-------- ---------------- ---------------- ----------------

All other memory blocks unused.

Program Memory Words Used:   297
Program Memory Words Free:  7895


Errors   :     0
Warnings :     0 reported,     0 suppressed
Messages :     7 reported,     0 suppressed

